2021-11-21 04:11:25 - INFO - <User '2.Dispoison'> - POST - /movies - <Movie '107.string'> - {'title': 'string', 'release_date': '2021-11-21T02:09:49.811Z', 'duration': 0, 'rating': 0, 'description': 'string', 'preview': 'string', 'budget': 0, 'country_id': 1, 'age_restriction_id': 1, 'director_id': 1, 'user_id': '2', 'genres': [1]}
2021-11-21 04:11:26 - INFO - <User '2.Dispoison'> - POST - /movies - <Movie '108.string'> - {'title': 'string', 'release_date': '2021-11-21T02:09:49.811Z', 'duration': 0, 'rating': 0, 'description': 'string', 'preview': 'string', 'budget': 0, 'country_id': 1, 'age_restriction_id': 1, 'director_id': 1, 'user_id': '2', 'genres': [1]}
2021-11-21 04:12:10 - INFO - <User '2.Dispoison'> - PUT - /movies/108 - <Movie '108.string'> - {'genres': []}
2021-11-21 04:12:16 - INFO - <User '2.Dispoison'> - PUT - /movies/107 - <Movie '107.string'> - {}
2021-11-21 04:12:37 - INFO - <User '2.Dispoison'> - GET - /movies/107
2021-11-21 04:12:55 - INFO - <User '2.Dispoison'> - GET - /movies/108
2021-11-21 04:19:57 - INFO - <User '2.Dispoison'> - PUT - /movies/107 - <Movie '107.string'> - {}
2021-11-21 04:22:35 - INFO - <User '2.Dispoison'> - PUT - /movies/107 - <Movie '107.string'> - {'genres': []}
2021-11-21 04:22:59 - INFO - <User '2.Dispoison'> - GET - /movies/107
2021-11-21 04:23:32 - ERROR - <User '2.Dispoison'> - PUT - /movies/107 - ValidationError
2021-11-21 04:25:14 - INFO - <User '2.Dispoison'> - PUT - /movies/107 - <Movie '107.string'> - {'genres': [1]}
2021-11-21 04:26:16 - INFO - <User '2.Dispoison'> - POST - /user/logout
2021-11-21 04:26:45 - ERROR - <AnonymousUser> - GET - /directors?q=jo - NoResultFound
2021-11-21 04:27:14 - INFO - <AnonymousUser> - GET - /directors?q=james%20came
2021-11-21 04:30:09 - INFO - <User '29.another_user'> - POST - /user/login
2021-11-21 04:31:02 - INFO - <User '29.another_user'> - POST - /movies - <Movie '109.string'> - {'title': 'string', 'release_date': '2021-11-21T02:09:49.811Z', 'duration': 0, 'rating': 0, 'description': 'string', 'preview': 'string', 'budget': 0, 'country_id': 1, 'age_restriction_id': 1, 'director_id': 1, 'user_id': '29', 'genres': [1]}
2021-11-21 04:31:25 - ERROR - <User '29.another_user'> - PUT - /movies/107 - OwnershipError
2021-11-21 04:31:55 - INFO - <User '29.another_user'> - POST - /user/logout
2021-11-21 04:32:01 - INFO - <Admin '1.admin'> - POST - /user/login
2021-11-21 04:33:25 - INFO - <Admin '1.admin'> - PUT - /movies/107 - <Movie '107.string'> - {'genres': [1, 3]}
2021-11-21 04:33:47 - INFO - <Admin '1.admin'> - DELETE - /movies/107 - <Movie '107.string'> - None
2021-11-21 20:22:33 - INFO - <User '2.Dispoison'> - POST - /movies - <Movie '111.string'> - {'title': 'string', 'release_date': '2021-11-21T17:12:19.973Z', 'duration': 0, 'rating': 0, 'description': 'string', 'preview': 'string', 'budget': 0, 'country_id': 1, 'age_restriction_id': 1, 'director_id': 1, 'user_id': '2', 'genres': [1]}
2021-11-21 20:22:36 - INFO - <User '2.Dispoison'> - GET - /movies
2021-11-21 20:22:40 - INFO - <User '2.Dispoison'> - GET - /movies?q=the
2021-11-21 20:29:28 - INFO - <User '2.Dispoison'> - GET - /movies?q=the
2021-11-21 20:29:39 - INFO - <User '2.Dispoison'> - GET - /movies?q=the
2021-11-21 20:36:14 - INFO - <User '2.Dispoison'> - GET - /movies?q=the
2021-11-21 20:36:15 - INFO - <User '2.Dispoison'> - GET - /movies?q=the
2021-11-21 20:43:20 - INFO - <User '2.Dispoison'> - GET - /movies?q=the
2021-11-21 20:43:21 - INFO - <User '2.Dispoison'> - GET - /movies?q=the
2021-11-21 20:45:58 - INFO - <User '2.Dispoison'> - GET - /movies?q=the
2021-11-21 20:45:59 - INFO - <User '2.Dispoison'> - GET - /movies?q=the
2021-11-21 20:46:03 - INFO - <User '2.Dispoison'> - POST - /movies - <Movie '112.string'> - {'title': 'string', 'release_date': '2021-11-21T17:12:19.973Z', 'duration': 0, 'rating': 0, 'description': 'string', 'preview': 'string', 'budget': 0, 'country_id': 1, 'age_restriction_id': 1, 'director_id': 1, 'user_id': '2', 'genres': [1]}
2021-11-21 20:46:10 - ERROR - <User '2.Dispoison'> - GET - /movies?q=the&page=123123 - NoResultFound
2021-11-21 20:46:10 - ERROR - <User '2.Dispoison'> - GET - /movies?q=the&page=123123 - NoResultFound
2021-11-21 23:10:38 - INFO - <User '2.Dispoison'> - GET - /movies
2021-11-21 23:34:55 - INFO - <User '2.Dispoison'> - POST - /user/logout
2021-11-21 23:36:05 - INFO - <User '30.sonya'> - POST - /user/register
2021-11-21 23:37:25 - INFO - <User '31.sonya'> - POST - /user/register
2021-11-22 00:20:48 - INFO - <User '33.sonya'> - POST - /user/register
